22:14:13  Running dbt...
22:14:13  [[33mWARNING[0m][ModelParamUsageDeprecation]: Deprecated functionality
Usage of `--models`, `--model`, and `-m` is deprecated in favor of `--select` or
`-s`.
22:14:13  [[33mWARNING[0m][MissingPlusPrefixDeprecation]: Deprecated functionality
Missing '+' prefix on `post-hook` found at `post-hook` in file
`/tmp/jobs/70471871794333/target/dbt_project.yml`. Hierarchical config values
without a '+' prefix are deprecated in dbt_project.yml.
22:14:15  Found 280 models, 2 operations, 21 data tests, 200 sources, 810 macros
22:14:15  
22:14:15
22:14:15  Concurrency: 4 threads (target='default')
22:14:15  
22:14:15  Found 280 models, 2 operations, 21 data tests, 200 sources, 810 macros
22:14:21  1 of 2 START hook: transform_dbt_sync.on-run-start.0 ........................... [RUN]
22:14:21  1 of 2 OK hook: transform_dbt_sync.on-run-start.0 .............................. [[32mOK[0m in 1.23s]
22:14:21  2 of 2 START hook: transform_dbt_sync.on-run-start.1 ........................... [RUN]
22:14:21  2 of 2 OK hook: transform_dbt_sync.on-run-start.1 .............................. [[32mOK[0m in 0.27s]
22:14:21  
22:14:21  1 of 85 START sql incremental model core.fct_events ............................ [RUN]
22:15:23  1 of 85 OK created sql incremental model core.fct_events ....................... [[32mSUCCESS 15277[0m in 61.58s]
22:15:23  2 of 85 START sql incremental model transformations.blog_activity .............. [RUN]
22:15:23  3 of 85 START sql incremental model core.dim_mixpanel_feature_events ........... [RUN]
22:15:23  4 of 85 START sql incremental model transformations.distinct_song_plays ........ [RUN]
22:15:23  5 of 85 START sql incremental model transformations.fct_sessions_build ......... [RUN]
22:15:27  2 of 85 OK created sql incremental model transformations.blog_activity ......... [[32mSUCCESS 33[0m in 4.84s]
22:15:27  6 of 85 START sql incremental model transformations.marketplace_activity ....... [RUN]
22:15:35  6 of 85 OK created sql incremental model transformations.marketplace_activity .. [[32mSUCCESS 3[0m in 7.43s]
22:15:36  5 of 85 OK created sql incremental model transformations.fct_sessions_build .... [[32mSUCCESS 42[0m in 13.30s]
22:15:36  7 of 85 START sql view model transformations.fct_sessions_build_step2 .......... [RUN]
22:15:36  8 of 85 START sql incremental model transformations.fct_sessions_product_engagement_build  [RUN]
22:15:38  7 of 85 OK created sql view model transformations.fct_sessions_build_step2 ..... [[32mSUCCESS 1[0m in 2.00s]
22:15:38  9 of 85 START sql table model core.fct_sessions ................................ [RUN]
22:15:41  4 of 85 OK created sql incremental model transformations.distinct_song_plays ... [[32mSUCCESS 1[0m in 18.63s]
22:16:31  8 of 85 OK created sql incremental model transformations.fct_sessions_product_engagement_build  [[32mSUCCESS 5[0m in 55.11s]
22:16:55  3 of 85 OK created sql incremental model core.dim_mixpanel_feature_events ...... [[32mSUCCESS 709304[0m in 92.40s]
22:30:39  9 of 85 OK created sql table model core.fct_sessions ........................... [[32mSUCCESS 41414902[0m in 901.06s]
22:30:39  10 of 85 START sql table model marketing.dim_mixpanel_attribution .............. [RUN]
22:30:39  11 of 85 START sql view model core.dim_session_mapping ......................... [RUN]
22:30:39  12 of 85 START sql table model marketing.fct_acquisition_performance ........... [RUN]
22:30:39  13 of 85 START sql table model core.fct_sessions_attribution ................... [RUN]
22:30:41  11 of 85 OK created sql view model core.dim_session_mapping .................... [[32mSUCCESS 1[0m in 2.33s]
22:30:41  14 of 85 START sql table model core.fct_subscription_period_activity ........... [RUN]
22:30:49  10 of 85 OK created sql table model marketing.dim_mixpanel_attribution ......... [[32mSUCCESS 478754[0m in 9.91s]
22:30:49  15 of 85 START sql table model _external_polytomic.hubspot_contact_country ..... [RUN]
22:30:49  12 of 85 OK created sql table model marketing.fct_acquisition_performance ...... [[32mSUCCESS 4755[0m in 10.19s]
22:30:49  16 of 85 START sql table model core.subscription_periods ....................... [RUN]
22:31:58  14 of 85 OK created sql table model core.fct_subscription_period_activity ...... [[32mSUCCESS 4405354[0m in 76.69s]
22:31:58  17 of 85 START sql table model marketing.blog_performance ...................... [RUN]
22:32:05  16 of 85 OK created sql table model core.subscription_periods .................. [[32mSUCCESS 244821[0m in 75.67s]
22:32:05  18 of 85 START sql view model core.dim_marketplace_events ...................... [RUN]
22:32:07  18 of 85 OK created sql view model core.dim_marketplace_events ................. [[32mSUCCESS 1[0m in 1.67s]
22:32:07  19 of 85 START sql table model core.dim_mixpanel_cart_events ................... [RUN]
22:32:09  15 of 85 OK created sql table model _external_polytomic.hubspot_contact_country  [[32mSUCCESS 875737[0m in 79.93s]
22:32:09  20 of 85 START sql table model marketing.dim_mql_mapping ....................... [RUN]
22:32:55  17 of 85 OK created sql table model marketing.blog_performance ................. [[32mSUCCESS 2056470[0m in 56.65s]
22:32:55  21 of 85 START sql table model core.fct_sessions_product_engagement ............ [RUN]
22:33:29  19 of 85 OK created sql table model core.dim_mixpanel_cart_events .............. [[32mSUCCESS 35856[0m in 82.71s]
22:33:29  22 of 85 START sql table model looker_tables.wcpm_engagement_20250108 .......... [RUN]
22:34:03  20 of 85 OK created sql table model marketing.dim_mql_mapping .................. [[32mSUCCESS 8477[0m in 114.53s]
22:34:03  23 of 85 START sql table model marketing.mdl_demand_forecast_training_inputs ... [RUN]
22:34:08  23 of 85 OK created sql table model marketing.mdl_demand_forecast_training_inputs  [[32mSUCCESS 13149[0m in 4.67s]
22:34:08  24 of 85 START sql view model finance.attrition_curves ......................... [RUN]
22:34:19  24 of 85 OK created sql view model finance.attrition_curves .................... [[32mSUCCESS 1[0m in 10.59s]
22:34:19  25 of 85 START sql table model _external_polytomic.broadcast_selected_at_download  [RUN]
22:34:58  13 of 85 OK created sql table model core.fct_sessions_attribution .............. [[32mSUCCESS 59542823[0m in 259.15s]
22:34:58  26 of 85 START sql view model transformations.change_in_wcpm_build ............. [RUN]
22:35:00  26 of 85 OK created sql view model transformations.change_in_wcpm_build ........ [[32mSUCCESS 1[0m in 1.86s]
22:35:00  27 of 85 START sql table model core.customer_revenue_by_month .................. [RUN]
22:35:01  25 of 85 OK created sql table model _external_polytomic.broadcast_selected_at_download  [[32mSUCCESS 5461[0m in 42.48s]
22:35:01  28 of 85 START sql table model core.dim_churn_rate ............................. [RUN]
22:35:09  27 of 85 OK created sql table model core.customer_revenue_by_month ............. [[32mSUCCESS 4700117[0m in 9.14s]
22:35:09  29 of 85 START sql table model core.dim_daily_kpis ............................. [RUN]
22:35:34  21 of 85 OK created sql table model core.fct_sessions_product_engagement ....... [[32mSUCCESS 41405195[0m in 158.80s]
22:35:34  30 of 85 START sql view model finance.dim_ltv_subscriber_payments .............. [RUN]
22:35:36  30 of 85 OK created sql view model finance.dim_ltv_subscriber_payments ......... [[32mSUCCESS 1[0m in 1.94s]
22:35:36  31 of 85 START sql view model content.fct_enterprise_song_attributed_revenue ... [RUN]
22:35:38  31 of 85 OK created sql view model content.fct_enterprise_song_attributed_revenue  [[32mSUCCESS 1[0m in 2.10s]
22:35:38  32 of 85 START sql incremental model content.fct_playlist_performance .......... [RUN]
22:56:35  28 of 85 OK created sql table model core.dim_churn_rate ........................ [[32mSUCCESS 77668040[0m in 1293.71s]
22:56:35  33 of 85 START sql table model core.fct_session_activity_windows ............... [RUN]
22:58:57  29 of 85 OK created sql table model core.dim_daily_kpis ........................ [[32mSUCCESS 3724[0m in 1427.58s]
22:58:57  34 of 85 START sql table model looker_tables.fct_sessions_daily_rollup ......... [RUN]
22:59:06  32 of 85 OK created sql incremental model content.fct_playlist_performance ..... [[32mSUCCESS 11[0m in 1408.47s]
22:59:06  35 of 85 START sql table model _external_polytomic.hubspot_first_subscribe_ts .. [RUN]
23:01:04  22 of 85 OK created sql table model looker_tables.wcpm_engagement_20250108 ..... [[32mSUCCESS 15456438[0m in 1654.27s]
23:01:04  36 of 85 START sql table model _external_polytomic.look_alike_audiences ........ [RUN]
23:02:49  34 of 85 OK created sql table model looker_tables.fct_sessions_daily_rollup .... [[32mSUCCESS 21301[0m in 231.82s]
23:02:49  37 of 85 START sql table model finance.monthly_subscription_classifications .... [RUN]
23:02:53  35 of 85 OK created sql table model _external_polytomic.hubspot_first_subscribe_ts  [[32mSUCCESS 195369[0m in 227.24s]
23:02:53  38 of 85 START sql incremental model _external_statsig.statsig_clickstream_events_etl_output  [RUN]
23:07:11  36 of 85 OK created sql table model _external_polytomic.look_alike_audiences ... [[32mSUCCESS 132115[0m in 367.33s]
23:07:11  39 of 85 START sql view model core.wcpm_subscription_events .................... [RUN]
23:07:13  39 of 85 OK created sql view model core.wcpm_subscription_events ............... [[32mSUCCESS 1[0m in 1.87s]
23:07:13  40 of 85 START sql table model finance.weekly_subscription_classifications ..... [RUN]
23:07:43  37 of 85 OK created sql table model finance.monthly_subscription_classifications  [[32mSUCCESS 4791610[0m in 294.30s]
23:07:43  41 of 85 START sql table model core.fct_sessions_marketplace ................... [RUN]
23:09:20  38 of 85 OK created sql incremental model _external_statsig.statsig_clickstream_events_etl_output  [[32mSUCCESS 259[0m in 386.37s]
23:09:20  42 of 85 START sql table model core.dim_enterprise_leads ....................... [RUN]
23:10:00  33 of 85 OK created sql table model core.fct_session_activity_windows .......... [[32mSUCCESS 41413506[0m in 804.67s]
23:10:00  43 of 85 START sql view model transformations.cancelled_plans_wcpm ............. [RUN]
23:10:12  41 of 85 OK created sql table model core.fct_sessions_marketplace .............. [[32mSUCCESS 73860[0m in 149.17s]
23:10:12  44 of 85 START sql view model transformations.created_plans_wcpm ............... [RUN]
23:10:18  43 of 85 OK created sql view model transformations.cancelled_plans_wcpm ........ [[32mSUCCESS 1[0m in 18.46s]
23:10:18  45 of 85 START sql view model transformations.reactivated_plans_wcpm ........... [RUN]
23:10:20  44 of 85 OK created sql view model transformations.created_plans_wcpm .......... [[32mSUCCESS 1[0m in 7.96s]
23:10:20  46 of 85 START sql table model core.customer_churn_month ....................... [RUN]
23:10:20  45 of 85 OK created sql view model transformations.reactivated_plans_wcpm ...... [[32mSUCCESS 1[0m in 2.10s]
23:10:20  47 of 85 START sql table model core.fct_subscriber_activity_mixpanel ........... [RUN]
23:10:23  46 of 85 OK created sql table model core.customer_churn_month .................. [[32mSUCCESS 187885[0m in 3.05s]
23:10:23  48 of 85 START sql view model finance.dim_ltv_subscriber_projections_monthly ... [RUN]
23:10:25  48 of 85 OK created sql view model finance.dim_ltv_subscriber_projections_monthly  [[32mSUCCESS 1[0m in 2.05s]
23:10:25  49 of 85 START sql view model finance.dim_soundstripe_song_downloads ........... [RUN]
23:10:27  49 of 85 OK created sql view model finance.dim_soundstripe_song_downloads ...... [[32mSUCCESS 1[0m in 1.78s]
23:10:27  50 of 85 START sql table model core.fct_kpis_self_service ...................... [RUN]
23:10:35  42 of 85 OK created sql table model core.dim_enterprise_leads .................. [[32mSUCCESS 33703[0m in 74.86s]
23:10:35  51 of 85 START sql table model _external_polytomic.hubspot_wcpm_current_state .. [RUN]
23:11:11  40 of 85 OK created sql table model finance.weekly_subscription_classifications  [[32mSUCCESS 19069284[0m in 237.85s]
23:11:11  52 of 85 START sql incremental model content.dim_content_events ................ [RUN]
23:11:47  50 of 85 OK created sql table model core.fct_kpis_self_service ................. [[32mSUCCESS 36[0m in 80.45s]
23:11:47  53 of 85 START sql incremental model data_enrichment.dtc_upsell_pre_append ..... [RUN]
23:12:03  51 of 85 OK created sql table model _external_polytomic.hubspot_wcpm_current_state  [[32mSUCCESS 403[0m in 88.75s]
23:12:03  54 of 85 START sql incremental model data_enrichment.pql_pre_append ............ [RUN]
23:12:38  52 of 85 OK created sql incremental model content.dim_content_events ........... [[32mSUCCESS 4744[0m in 87.24s]
23:12:38  55 of 85 START sql table model core.user_session_funnel ........................ [RUN]
23:12:46  53 of 85 OK created sql incremental model data_enrichment.dtc_upsell_pre_append  [[32mSUCCESS 0[0m in 58.33s]
23:12:46  56 of 85 START sql view model finance.cancelled_plans .......................... [RUN]
23:12:52  56 of 85 OK created sql view model finance.cancelled_plans ..................... [[32mSUCCESS 1[0m in 5.96s]
23:12:52  57 of 85 START sql view model finance.created_plans ............................ [RUN]
23:12:56  54 of 85 OK created sql incremental model data_enrichment.pql_pre_append ....... [[32mSUCCESS 0[0m in 53.10s]
23:12:56  58 of 85 START sql view model finance.reactivated_plans ........................ [RUN]
23:12:58  57 of 85 OK created sql view model finance.created_plans ....................... [[32mSUCCESS 1[0m in 6.36s]
23:12:58  59 of 85 START sql table model core.mrr_fact ................................... [RUN]
23:13:02  58 of 85 OK created sql view model finance.reactivated_plans ................... [[32mSUCCESS 1[0m in 5.36s]
23:13:02  60 of 85 START sql table model finance.fct_ltv_subscription_projections ........ [RUN]
23:13:14  47 of 85 OK created sql table model core.fct_subscriber_activity_mixpanel ...... [[32mSUCCESS 11036161[0m in 173.45s]
23:13:14  61 of 85 START sql table model content.fct_song_monetization ................... [RUN]
23:13:24  59 of 85 OK created sql table model core.mrr_fact .............................. [[32mSUCCESS 4888002[0m in 25.48s]
23:13:24  62 of 85 START sql table model core.fct_customer_cancellation_reasons .......... [RUN]
23:13:50  60 of 85 OK created sql table model finance.fct_ltv_subscription_projections ... [[32mSUCCESS 2390717[0m in 48.58s]
23:13:50  63 of 85 START sql table model core.fct_kpis_enterprise ........................ [RUN]
23:14:50  61 of 85 OK created sql table model content.fct_song_monetization .............. [[32mSUCCESS 10101788[0m in 96.63s]
23:14:50  64 of 85 START sql view model transformations.leads_for_training ............... [RUN]
23:14:52  64 of 85 OK created sql view model transformations.leads_for_training .......... [[32mSUCCESS 1[0m in 1.91s]
23:14:52  65 of 85 START sql table model _external_polytomic.polytomic_sync_daily_property_update  [RUN]
23:15:08  62 of 85 OK created sql table model core.fct_customer_cancellation_reasons ..... [[32mSUCCESS 244821[0m in 104.40s]
23:15:08  66 of 85 START sql incremental model core.dim_song_activity .................... [RUN]
23:15:33  63 of 85 OK created sql table model core.fct_kpis_enterprise ................... [[32mSUCCESS 36[0m in 102.69s]
23:15:33  67 of 85 START sql view model transformations.leads_for_data_enhancement ....... [RUN]
23:15:35  65 of 85 OK created sql table model _external_polytomic.polytomic_sync_daily_property_update  [[32mSUCCESS 11552[0m in 42.67s]
23:15:35  68 of 85 START sql table model core.fct_kpis_music ............................. [RUN]
23:15:35  67 of 85 OK created sql view model transformations.leads_for_data_enhancement .. [[32mSUCCESS 1[0m in 1.90s]
23:15:35  69 of 85 START sql table model content.fct_song_monetization_allocated ......... [RUN]
23:15:39  68 of 85 OK created sql table model core.fct_kpis_music ........................ [[32mSUCCESS 36[0m in 4.17s]
23:15:39  70 of 85 START python table model transformations.enterprise_lead_scoring_model  [RUN]
23:16:12  66 of 85 OK created sql incremental model core.dim_song_activity ............... [[32mSUCCESS 3437[0m in 64.29s]
23:16:12  71 of 85 START sql incremental model _external_polytomic.hubspot_leads_for_enrichment  [RUN]
23:16:17  71 of 85 OK created sql incremental model _external_polytomic.hubspot_leads_for_enrichment  [[32mSUCCESS 0[0m in 4.51s]
23:16:17  72 of 85 START sql table model song_recommendations.base_songs_for_recommendations  [RUN]
23:16:44  72 of 85 OK created sql table model song_recommendations.base_songs_for_recommendations  [[32mSUCCESS 2768461[0m in 27.39s]
23:16:44  73 of 85 START sql table model core.fct_sst_user_songs_activity ................ [RUN]
23:16:51  70 of 85 OK created python table model transformations.enterprise_lead_scoring_model  [[32mSUCCESS 1[0m in 72.03s]
23:16:51  74 of 85 START sql incremental model core.fct_visitor_song_activity ............ [RUN]
23:16:56  74 of 85 OK created sql incremental model core.fct_visitor_song_activity ....... [[32mSUCCESS 0[0m in 5.31s]
23:16:56  75 of 85 START sql incremental model _external_polytomic.polytomic_sync_hubspot_leads_for_enrichment  [RUN]
23:17:02  75 of 85 OK created sql incremental model _external_polytomic.polytomic_sync_hubspot_leads_for_enrichment  [[32mSUCCESS 0[0m in 5.56s]
23:17:02  76 of 85 START sql table model song_recommendations.song_recommendations_similarity_tags  [RUN]
23:18:37  73 of 85 OK created sql table model core.fct_sst_user_songs_activity ........... [[32mSUCCESS 275635086[0m in 112.74s]
23:18:37  77 of 85 START sql table model song_recommendations.song_recommendations_songs_also_downloaded  [RUN]
23:21:55  55 of 85 OK created sql table model core.user_session_funnel ................... [[32mSUCCESS 30560058[0m in 557.45s]
23:21:55  78 of 85 START sql table model model_output.enterprise_lead_scoring ............ [RUN]
23:22:27  77 of 85 OK created sql table model song_recommendations.song_recommendations_songs_also_downloaded  [[32mSUCCESS 20288927[0m in 229.86s]
23:22:27  79 of 85 START sql incremental model _external_polytomic.hubspot_leads_with_scores  [RUN]
23:28:15  69 of 85 OK created sql table model content.fct_song_monetization_allocated .... [[32mSUCCESS 808218368[0m in 760.32s]
23:28:15  80 of 85 START sql table model core.user_funnel_metrics ........................ [RUN]
23:28:16  79 of 85 OK created sql incremental model _external_polytomic.hubspot_leads_with_scores  [[32mSUCCESS 0[0m in 348.76s]
23:28:16  81 of 85 START sql table model content.fct_song_monetization_allocated_summary . [RUN]
23:28:19  78 of 85 OK created sql table model model_output.enterprise_lead_scoring ....... [[32mSUCCESS 22679[0m in 384.02s]
23:28:19  82 of 85 START sql incremental model _external_polytomic.hubspot_polytomic_contacts_update_recurring  [RUN]
23:30:04  80 of 85 OK created sql table model core.user_funnel_metrics ................... [[32mSUCCESS 2096[0m in 108.16s]
23:30:04  83 of 85 START sql incremental model _external_polytomic.polytomic_sync_hubspot_leads_with_scores  [RUN]
23:30:26  83 of 85 OK created sql incremental model _external_polytomic.polytomic_sync_hubspot_leads_with_scores  [[32mSUCCESS 0[0m in 22.78s]
23:30:26  82 of 85 OK created sql incremental model _external_polytomic.hubspot_polytomic_contacts_update_recurring  [[32mSUCCESS 0[0m in 126.98s]
23:33:20  76 of 85 OK created sql table model song_recommendations.song_recommendations_similarity_tags  [[32mSUCCESS 620761007[0m in 978.59s]
23:33:20  84 of 85 START sql table model _external_polytomic.outbound_sequenced_song_personalization  [RUN]
23:33:42  84 of 85 OK created sql table model _external_polytomic.outbound_sequenced_song_personalization  [[32mSUCCESS 10593[0m in 21.15s]
23:33:42  85 of 85 START sql table model _external_polytomic.polytomic_sync_hubspot_song_recommendations  [RUN]
23:33:44  85 of 85 OK created sql table model _external_polytomic.polytomic_sync_hubspot_song_recommendations  [[32mSUCCESS 3603[0m in 2.26s]
23:33:54  81 of 85 OK created sql table model content.fct_song_monetization_allocated_summary  [[32mSUCCESS 12812054[0m in 338.27s]
23:33:55  
23:33:55
23:33:55  Finished running 19 incremental models, 2 project hooks, 48 table models, 18 view models in 1 hours 19 minutes and 39.90 seconds (4779.90s).
23:33:55  
23:33:55
23:33:55  [32mCompleted successfully[0m
23:33:55  
23:33:55
23:33:55  Done. PASS=87 WARN=0 ERROR=0 SKIP=0 NO-OP=0 TOTAL=87
23:33:55  [[33mWARNING[0m][DeprecationsSummary]: Deprecated functionality
Summary of encountered deprecations:
- ModelParamUsageDeprecation: 1 occurrence
- MissingPlusPrefixDeprecation: 1 occurrence
To see all deprecation instances instead of just the first occurrence of each,
run command again with the `--show-all-deprecations` flag. You may also need to
run with `--no-partial-parse` as some deprecations are only encountered during
parsing.
